<?xml version="1.0" encoding="UTF-8"?>
<!-- Generated by org.testng.reporters.JUnitXMLReporter -->
<testsuite hostname="II47-PF2H2HPK" ignored="0" name="Surefire test" tests="10" failures="2" timestamp="2021-11-28T23:24:42 IST" time="118.874" errors="0">
  <testcase name="runScenario" time="28.127" classname="io.cucumber.testng.AbstractTestNGCucumberTests"/>
  <testcase name="runScenario" time="28.295" classname="io.cucumber.testng.AbstractTestNGCucumberTests"/>
  <testcase name="runScenario" time="20.531" classname="io.cucumber.testng.AbstractTestNGCucumberTests"/>
  <testcase name="runScenario" time="20.878" classname="io.cucumber.testng.AbstractTestNGCucumberTests"/>
  <testcase name="runScenario" time="20.902" classname="io.cucumber.testng.AbstractTestNGCucumberTests"/>
  <testcase name="runScenario" time="21.069" classname="io.cucumber.testng.AbstractTestNGCucumberTests"/>
  <testcase name="runScenario" time="24.023" classname="io.cucumber.testng.AbstractTestNGCucumberTests"/>
  <testcase name="runScenario" time="26.236" classname="io.cucumber.testng.AbstractTestNGCucumberTests"/>
  <testcase name="runScenario" time="20.161" classname="io.cucumber.testng.AbstractTestNGCucumberTests">
    <failure type="java.lang.AssertionError" message="Incorrect error message is displayed. Expected is: Your account registration has been submitted and is pending email verification  Actual is: Error! Invalid captcha response.Please Try Again expected [Your account registration has been submitted and is pending email verification ] but found [Error! Invalid captcha response.Please Try Again]">
      <![CDATA[java.lang.AssertionError: Incorrect error message is displayed. Expected is: Your account registration has been submitted and is pending email verification  Actual is: Error! Invalid captcha response.Please Try Again expected [Your account registration has been submitted and is pending email verification ] but found [Error! Invalid captcha response.Please Try Again]
at com.etherscan.stepdefinitions.UserRegistrationStepDefinition.user_see_error_message(UserRegistrationStepDefinition.java:59)
at ✽.user should see "Your account registration has been submitted and is pending email verification " message(file:///C:/Users/rajiv_ranjan_maurya/Selenium%20Practice/Etherscan/src/test/java/com/etherscan/features/UserRegistration.feature:70)
... Removed 5 stack frames]]>
    </failure>
  </testcase> <!-- runScenario -->
  <testcase name="runScenario" time="19.814" classname="io.cucumber.testng.AbstractTestNGCucumberTests">
    <failure type="java.lang.AssertionError" message="Incorrect error message is displayed. Expected is: Sorry! The username you entered is already in use. Actual is: Error! Invalid captcha response.Please Try Again expected [Sorry! The username you entered is already in use.] but found [Error! Invalid captcha response.Please Try Again]">
      <![CDATA[java.lang.AssertionError: Incorrect error message is displayed. Expected is: Sorry! The username you entered is already in use. Actual is: Error! Invalid captcha response.Please Try Again expected [Sorry! The username you entered is already in use.] but found [Error! Invalid captcha response.Please Try Again]
at com.etherscan.stepdefinitions.UserRegistrationStepDefinition.user_see_error_message(UserRegistrationStepDefinition.java:59)
at ✽.user should see "Sorry! The username you entered is already in use." message(file:///C:/Users/rajiv_ranjan_maurya/Selenium%20Practice/Etherscan/src/test/java/com/etherscan/features/UserRegistration.feature:84)
... Removed 5 stack frames]]>
    </failure>
  </testcase> <!-- runScenario -->
</testsuite> <!-- Surefire test -->
