<?xml version="1.0" encoding="UTF-8"?>
<testsuite xmlns:xsi="http://www.w3.org/2001/XMLSchema-instance" xsi:noNamespaceSchemaLocation="https://maven.apache.org/surefire/maven-surefire-plugin/xsd/surefire-test-report.xsd" name="com.etherscan.runners.TestRunner" time="120.935" tests="10" errors="0" skipped="0" failures="2">
  <properties>
[...]
</properties>
  <testcase name="runScenario" classname="com.etherscan.runners.TestRunner" time="28.135"/>
  <testcase name="runScenario" classname="com.etherscan.runners.TestRunner" time="0.155"/>
  <testcase name="runScenario" classname="com.etherscan.runners.TestRunner" time="20.371"/>
  <testcase name="runScenario" classname="com.etherscan.runners.TestRunner" time="0.507"/>
  <testcase name="runScenario" classname="com.etherscan.runners.TestRunner" time="20.396"/>
  <testcase name="runScenario" classname="com.etherscan.runners.TestRunner" time="0.673"/>
  <testcase name="runScenario" classname="com.etherscan.runners.TestRunner" time="23.351"/>
  <testcase name="runScenario" classname="com.etherscan.runners.TestRunner" time="2.886"/>
  <testcase name="runScenario" classname="com.etherscan.runners.TestRunner" time="17.331">
    <failure message="Incorrect error message is displayed. Expected is: Your account registration has been submitted and is pending email verification  Actual is: Error! Invalid captcha response.Please Try Again expected [Your account registration has been submitted and is pending email verification ] but found [Error! Invalid captcha response.Please Try Again]" type="java.lang.AssertionError">java.lang.AssertionError: Incorrect error message is displayed. Expected is: Your account registration has been submitted and is pending email verification  Actual is: Error! Invalid captcha response.Please Try Again expected [Your account registration has been submitted and is pending email verification ] but found [Error! Invalid captcha response.Please Try Again]
</failure>
    <system-out><![CDATA[
Scenario: validate that user is not able to register with existing user name        &amp#27;[90m# src/test/java/com/etherscan/features/UserRegistration.feature:74&amp#27;[0m
  &amp#27;[32mGiven &amp#27;[0m&amp#27;[32muser is on user registration page&amp#27;[0m                                                                        &amp#27;[90m# com.etherscan.stepdefinitions.UserRegistrationStepDefinition.user_is_on_user_registration_page()&amp#27;[0m
  &amp#27;[32mWhen &amp#27;[0m&amp#27;[32muser provides "&amp#27;[0m&amp#27;[32m&amp#27;[1mKavi123&amp#27;[0m&amp#27;[32m" as user name&amp#27;[0m                                                                      &amp#27;[90m# com.etherscan.stepdefinitions.UserRegistrationStepDefinition.user_enters_user_name(java.lang.String)&amp#27;[0m
  &amp#27;[32mAnd &amp#27;[0m&amp#27;[32muser provides "&amp#27;[0m&amp#27;[32m&amp#27;[1mKavi@123.com&amp#27;[0m&amp#27;[32m" as email address&amp#27;[0m                                                              &amp#27;[90m# com.etherscan.stepdefinitions.UserRegistrationStepDefinition.user_enters_email_address(java.lang.String)&amp#27;[0m
  &amp#27;[32mAnd &amp#27;[0m&amp#27;[32muser provides "&amp#27;[0m&amp#27;[32m&amp#27;[1mAbcdhe&amp#27;[0m&amp#27;[32m" as password&amp#27;[0m                                                                         &amp#27;[90m# com.etherscan.stepdefinitions.UserRegistrationStepDefinition.user_enters_password(java.lang.String)&amp#27;[0m
  &amp#27;[32mAnd &amp#27;[0m&amp#27;[32muser provides "&amp#27;[0m&amp#27;[32m&amp#27;[1mAbcdhe&amp#27;[0m&amp#27;[32m" as confirm password&amp#27;[0m                                                                 &amp#27;[90m# com.etherscan.stepdefinitions.UserRegistrationStepDefinition.user_enters_confirm_password(java.lang.String)&amp#27;[0m
  &amp#27;[32mAnd &amp#27;[0m&amp#27;[32muser accepts terms and contions&amp#27;[0m                                                                            &amp#27;[90m# com.etherscan.stepdefinitions.UserRegistrationStepDefinition.user_accepts_terms_and_conditions()&amp#27;[0m
  &amp#27;[32mAnd &amp#27;[0m&amp#27;[32muser subscribs to newsletter&amp#27;[0m                                                                               &amp#27;[90m# com.etherscan.stepdefinitions.UserRegistrationStepDefinition.subscribe_newsletter()&amp#27;[0m
  &amp#27;[32mAnd &amp#27;[0m&amp#27;[32muser selects captcha&amp#27;[0m                                                                                       &amp#27;[90m# com.etherscan.stepdefinitions.UserRegistrationStepDefinition.select_captcha()&amp#27;[0m
  &amp#27;[32mGiven &amp#27;[0m&amp#27;[32muser is on user registration page&amp#27;[0m                                           &amp#27;[90m# com.etherscan.stepdefinitions.UserRegistrationStepDefinition.user_is_on_user_registration_page()&amp#27;[0m
  &amp#27;[32mWhen &amp#27;[0m&amp#27;[32muser provides "&amp#27;[0m&amp#27;[32m&amp#27;[1mabcd1&amp#27;[0m&amp#27;[32m" as user name&amp#27;[0m                                           &amp#27;[90m# com.etherscan.stepdefinitions.UserRegistrationStepDefinition.user_enters_user_name(java.lang.String)&amp#27;[0m
  &amp#27;[32mAnd &amp#27;[0m&amp#27;[32muser provides "&amp#27;[0m&amp#27;[32m&amp#27;[1mKavi@123.com&amp#27;[0m&amp#27;[32m" as email address&amp#27;[0m                                 &amp#27;[90m# com.etherscan.stepdefinitions.UserRegistrationStepDefinition.user_enters_email_address(java.lang.String)&amp#27;[0m
  &amp#27;[32mAnd &amp#27;[0m&amp#27;[32muser provides "&amp#27;[0m&amp#27;[32m&amp#27;[1mAbcdhe&amp#27;[0m&amp#27;[32m" as password&amp#27;[0m                                            &amp#27;[90m# com.etherscan.stepdefinitions.UserRegistrationStepDefinition.user_enters_password(java.lang.String)&amp#27;[0m
  &amp#27;[32mAnd &amp#27;[0m&amp#27;[32muser provides "&amp#27;[0m&amp#27;[32m&amp#27;[1mAbcdhe&amp#27;[0m&amp#27;[32m" as confirm password&amp#27;[0m                                    &amp#27;[90m# com.etherscan.stepdefinitions.UserRegistrationStepDefinition.user_enters_confirm_password(java.lang.String)&amp#27;[0m
  &amp#27;[32mAnd &amp#27;[0m&amp#27;[32muser accepts terms and contions&amp#27;[0m                                               &amp#27;[90m# com.etherscan.stepdefinitions.UserRegistrationStepDefinition.user_accepts_terms_and_conditions()&amp#27;[0m
  &amp#27;[32mAnd &amp#27;[0m&amp#27;[32muser subscribs to newsletter&amp#27;[0m                                                  &amp#27;[90m# com.etherscan.stepdefinitions.UserRegistrationStepDefinition.subscribe_newsletter()&amp#27;[0m
  &amp#27;[32mAnd &amp#27;[0m&amp#27;[32muser creates account&amp#27;[0m                                                                                       &amp#27;[90m# com.etherscan.stepdefinitions.UserRegistrationStepDefinition.user_creates_account()&amp#27;[0m
  &amp#27;[31mThen &amp#27;[0m&amp#27;[31muser should see "&amp#27;[0m&amp#27;[31m&amp#27;[1mYour account registration has been submitted and is pending email verification &amp#27;[0m&amp#27;[31m" message&amp#27;[0m &amp#27;[90m# com.etherscan.stepdefinitions.UserRegistrationStepDefinition.user_see_error_message(java.lang.String)&amp#27;[0m
      &amp#27;[31mjava.lang.AssertionError: Incorrect error message is displayed. Expected is: Your account registration has been submitted and is pending email verification  Actual is: Error! Invalid captcha response.Please Try Again expected [Your account registration has been submitted and is pending email verification ] but found [Error! Invalid captcha response.Please Try Again]
	at org.testng.Assert.fail(Assert.java:99)
	at org.testng.Assert.failNotEquals(Assert.java:1037)
	at org.testng.Assert.assertEqualsImpl(Assert.java:140)
	at org.testng.Assert.assertEquals(Assert.java:122)
	at org.testng.Assert.assertEquals(Assert.java:629)
	at com.etherscan.stepdefinitions.UserRegistrationStepDefinition.user_see_error_message(UserRegistrationStepDefinition.java:59)
	at âœ½.user should see "Your account registration has been submitted and is pending email verification " message(file:///C:/Users/rajiv_ranjan_maurya/Selenium%20Practice/Etherscan/src/test/java/com/etherscan/features/UserRegistration.feature:70)
&amp#27;[0m
  &amp#27;[32mAnd &amp#27;[0m&amp#27;[32muser selects captcha&amp#27;[0m                                                          &amp#27;[90m# com.etherscan.stepdefinitions.UserRegistrationStepDefinition.select_captcha()&amp#27;[0m

    Embedding image [image/png 93631 bytes]

]]></system-out>
    <system-err><![CDATA[[1638122062.227][WARNING]: This version of ChromeDriver has not been tested with Chrome version 95.
Starting ChromeDriver 94.0.4606.61 (418b78f5838ed0b1c69bb4e51ea0252171854915-refs/branch-heads/4606@{#1204}) on port 7126
Only local connections are allowed.
Please see https://chromedriver.chromium.org/security-considerations for suggestions on keeping ChromeDriver safe.
ChromeDriver was started successfully.
Nov 28, 2021 11:24:24 PM org.openqa.selenium.remote.ProtocolHandshake createSession
INFO: Detected dialect: W3C
[1638122065.219][WARNING]: This version of ChromeDriver has not been tested with Chrome version 95.
Nov 28, 2021 11:24:27 PM org.openqa.selenium.remote.ProtocolHandshake createSession
INFO: Detected dialect: W3C
]]></system-err>
  </testcase>
  <testcase name="runScenario" classname="com.etherscan.runners.TestRunner" time="19.814">
    <failure message="Incorrect error message is displayed. Expected is: Sorry! The username you entered is already in use. Actual is: Error! Invalid captcha response.Please Try Again expected [Sorry! The username you entered is already in use.] but found [Error! Invalid captcha response.Please Try Again]" type="java.lang.AssertionError">java.lang.AssertionError: Incorrect error message is displayed. Expected is: Sorry! The username you entered is already in use. Actual is: Error! Invalid captcha response.Please Try Again expected [Sorry! The username you entered is already in use.] but found [Error! Invalid captcha response.Please Try Again]
</failure>
    <system-out><![CDATA[  &amp#27;[32mAnd &amp#27;[0m&amp#27;[32muser creates account&amp#27;[0m                                                          &amp#27;[90m# com.etherscan.stepdefinitions.UserRegistrationStepDefinition.user_creates_account()&amp#27;[0m
  &amp#27;[31mThen &amp#27;[0m&amp#27;[31muser should see "&amp#27;[0m&amp#27;[31m&amp#27;[1mSorry! The username you entered is already in use.&amp#27;[0m&amp#27;[31m" message&amp#27;[0m &amp#27;[90m# com.etherscan.stepdefinitions.UserRegistrationStepDefinition.user_see_error_message(java.lang.String)&amp#27;[0m
      &amp#27;[31mjava.lang.AssertionError: Incorrect error message is displayed. Expected is: Sorry! The username you entered is already in use. Actual is: Error! Invalid captcha response.Please Try Again expected [Sorry! The username you entered is already in use.] but found [Error! Invalid captcha response.Please Try Again]
	at org.testng.Assert.fail(Assert.java:99)
	at org.testng.Assert.failNotEquals(Assert.java:1037)
	at org.testng.Assert.assertEqualsImpl(Assert.java:140)
	at org.testng.Assert.assertEquals(Assert.java:122)
	at org.testng.Assert.assertEquals(Assert.java:629)
	at com.etherscan.stepdefinitions.UserRegistrationStepDefinition.user_see_error_message(UserRegistrationStepDefinition.java:59)
	at âœ½.user should see "Sorry! The username you entered is already in use." message(file:///C:/Users/rajiv_ranjan_maurya/Selenium%20Practice/Etherscan/src/test/java/com/etherscan/features/UserRegistration.feature:84)
&amp#27;[0m

    Embedding image [image/png 93250 bytes]

]]></system-out>
  </testcase>
</testsuite>