<?xml version="1.0" encoding="UTF-8"?>
<testng-results skipped="0" failed="0" ignored="0" total="2" passed="2">
  <reporter-output>
  </reporter-output>
  <suite name="Default suite" duration-ms="26113" started-at="2021-11-29T12:01:36 IST" finished-at="2021-11-29T12:02:02 IST">
    <groups>
      <group name="cucumber">
        <method signature="AbstractTestNGCucumberTests.runScenario(io.cucumber.testng.PickleWrapper, io.cucumber.testng.FeatureWrapper)[pri:0, instance:com.etherscan.runners.TestRunner@4b553d26]" name="runScenario" class="io.cucumber.testng.AbstractTestNGCucumberTests"/>
      </group> <!-- cucumber -->
    </groups>
    <test name="Default test" duration-ms="26113" started-at="2021-11-29T12:01:36 IST" finished-at="2021-11-29T12:02:02 IST">
      <class name="com.etherscan.runners.TestRunner">
        <test-method status="PASS" signature="setUpClass()[pri:0, instance:com.etherscan.runners.TestRunner@4b553d26]" name="setUpClass" is-config="true" duration-ms="671" started-at="2021-11-29T12:01:36 IST" finished-at="2021-11-29T12:01:37 IST">
          <reporter-output>
          </reporter-output>
        </test-method> <!-- setUpClass -->
        <test-method status="PASS" signature="runScenario(io.cucumber.testng.PickleWrapper, io.cucumber.testng.FeatureWrapper)[pri:0, instance:com.etherscan.runners.TestRunner@4b553d26]" name="runScenario" duration-ms="23849" started-at="2021-11-29T12:01:37 IST" description="Runs Cucumber Scenarios" data-provider="scenarios" finished-at="2021-11-29T12:02:01 IST">
          <params>
            <param index="0">
              <value>
                <![CDATA["Validate that Etherscan term and services page is displayed in new tab on clicking Terms and Conditions link"]]>
              </value>
            </param>
            <param index="1">
              <value>
                <![CDATA["Optional[This feature is to test user registration functionality]"]]>
              </value>
            </param>
          </params>
          <reporter-output>
          </reporter-output>
        </test-method> <!-- runScenario -->
        <test-method status="PASS" signature="runScenario(io.cucumber.testng.PickleWrapper, io.cucumber.testng.FeatureWrapper)[pri:0, instance:com.etherscan.runners.TestRunner@4b553d26]" name="runScenario" duration-ms="24567" started-at="2021-11-29T12:01:37 IST" description="Runs Cucumber Scenarios" data-provider="scenarios" finished-at="2021-11-29T12:02:01 IST">
          <params>
            <param index="0">
              <value>
                <![CDATA["Validate that Etherscan term and services page is displayed in new tab on clicking Terms and Conditions link"]]>
              </value>
            </param>
            <param index="1">
              <value>
                <![CDATA["Optional[This feature is to test user registration functionality]"]]>
              </value>
            </param>
          </params>
          <reporter-output>
          </reporter-output>
        </test-method> <!-- runScenario -->
        <test-method status="PASS" signature="tearDownClass()[pri:0, instance:com.etherscan.runners.TestRunner@4b553d26]" name="tearDownClass" is-config="true" duration-ms="808" started-at="2021-11-29T12:02:01 IST" finished-at="2021-11-29T12:02:02 IST">
          <reporter-output>
          </reporter-output>
        </test-method> <!-- tearDownClass -->
      </class> <!-- com.etherscan.runners.TestRunner -->
    </test> <!-- Default test -->
  </suite> <!-- Default suite -->
</testng-results>
